[23:08:31] [Client thread/INFO]: Setting user: Player830
[23:08:34] [Client thread/WARN]: Skipping bad option: lastServer:
[23:08:34] [Client thread/INFO]: LWJGL Version: 2.9.4
[23:08:34] [Client thread/INFO]: [STDOUT]: ---- Minecraft Crash Report ----
// My bad.

Time: 2/12/17 11:08 PM
Description: Loading screen debug info

This is just a prompt for computer specs to be printed. THIS IS NOT A ERROR


A detailed walkthrough of the error, its code path and all known details is as follows:
---------------------------------------------------------------------------------------

-- System Details --
Details:
	Minecraft Version: 1.11.2
	Operating System: Windows 7 (amd64) version 6.1
	Java Version: 1.8.0_101, Oracle Corporation
	Java VM Version: Java HotSpot(TM) 64-Bit Server VM (mixed mode), Oracle Corporation
	Memory: 550954832 bytes (525 MB) / 765460480 bytes (730 MB) up to 1894252544 bytes (1806 MB)
	JVM Flags: 0 total; 
	IntCache: cache: 0, tcache: 0, allocated: 0, tallocated: 0
	FML: 
	Loaded coremods (and transformers): 
	GL info: ' Vendor: 'NVIDIA Corporation' Version: '4.5.0 NVIDIA 372.90' Renderer: 'GeForce GTX 960/PCIe/SSE2'
[23:08:35] [Client thread/INFO]: Reloading ResourceManager: Default, FMLFileResourcePack:Forge Mod Loader, FMLFileResourcePack:Minecraft Forge, FMLFileResourcePack:A Random Forge mod for My Experience, FMLFileResourcePack:examplemod
[23:08:36] [Sound Library Loader/INFO]: Starting up SoundSystem...
[23:08:37] [Thread-8/INFO]: Initializing LWJGL OpenAL
[23:08:37] [Thread-8/INFO]: (The LWJGL binding of OpenAL.  For more information, see http://www.lwjgl.org)
[23:08:37] [Thread-8/INFO]: OpenAL initialized.
[23:08:37] [Sound Library Loader/INFO]: Sound engine started
[23:08:38] [Client thread/INFO]: Created: 16x16 textures-atlas
[23:08:38] [Client thread/INFO]: [STDOUT]: DIRT BLOCK >> tile.dirt
[23:08:38] [Client thread/INFO]: Reloading ResourceManager: Default, FMLFileResourcePack:Forge Mod Loader, FMLFileResourcePack:Minecraft Forge, FMLFileResourcePack:A Random Forge mod for My Experience, FMLFileResourcePack:examplemod
[23:08:39] [Client thread/INFO]: SoundSystem shutting down...
[23:08:39] [Client thread/WARN]: Author: Paul Lamb, www.paulscode.com
[23:08:39] [Sound Library Loader/INFO]: Starting up SoundSystem...
[23:08:39] [Thread-10/INFO]: Initializing LWJGL OpenAL
[23:08:39] [Thread-10/INFO]: (The LWJGL binding of OpenAL.  For more information, see http://www.lwjgl.org)
[23:08:39] [Thread-10/INFO]: OpenAL initialized.
[23:08:40] [Sound Library Loader/INFO]: Sound engine started
[23:08:40] [Client thread/INFO]: Created: 512x512 textures-atlas
[23:08:41] [Client thread/WARN]: Skipping bad option: lastServer:
[23:11:19] [Server thread/INFO]: Starting integrated minecraft server version 1.11.2
[23:11:19] [Server thread/INFO]: Generating keypair
[23:11:19] [Server thread/INFO]: Preparing start region for level 0
[23:11:21] [Server thread/INFO]: Changing view distance to 12, from 10
[23:11:33] [Client thread/WARN]: Couldn't look up profile properties for com.mojang.authlib.GameProfile@15b2b17d[id=dc4e436a-deac-3fcd-b3ce-7013be63ef4d,name=Player830,properties={},legacy=false]
com.mojang.authlib.exceptions.AuthenticationUnavailableException: Cannot contact authentication server
	at com.mojang.authlib.yggdrasil.YggdrasilAuthenticationService.makeRequest(YggdrasilAuthenticationService.java:85) ~[YggdrasilAuthenticationService.class:?]
	at com.mojang.authlib.yggdrasil.YggdrasilMinecraftSessionService.fillGameProfile(YggdrasilMinecraftSessionService.java:180) [YggdrasilMinecraftSessionService.class:?]
	at com.mojang.authlib.yggdrasil.YggdrasilMinecraftSessionService.fillProfileProperties(YggdrasilMinecraftSessionService.java:173) [YggdrasilMinecraftSessionService.class:?]
	at net.minecraft.client.Minecraft.launchIntegratedServer(Minecraft.java:2445) [Minecraft.class:?]
	at net.minecraftforge.fml.client.FMLClientHandler.tryLoadExistingWorld(FMLClientHandler.java:750) [FMLClientHandler.class:?]
	at net.minecraft.client.gui.GuiListWorldSelectionEntry.loadWorld(GuiListWorldSelectionEntry.java:253) [GuiListWorldSelectionEntry.class:?]
	at net.minecraft.client.gui.GuiListWorldSelectionEntry.joinWorld(GuiListWorldSelectionEntry.java:203) [GuiListWorldSelectionEntry.class:?]
	at net.minecraft.client.gui.GuiListWorldSelectionEntry.mousePressed(GuiListWorldSelectionEntry.java:167) [GuiListWorldSelectionEntry.class:?]
	at net.minecraft.client.gui.GuiListExtended.mouseClicked(GuiListExtended.java:57) [GuiListExtended.class:?]
	at net.minecraft.client.gui.GuiWorldSelection.mouseClicked(GuiWorldSelection.java:134) [GuiWorldSelection.class:?]
	at net.minecraft.client.gui.GuiScreen.handleMouseInput(GuiScreen.java:611) [GuiScreen.class:?]
	at net.minecraft.client.gui.GuiWorldSelection.handleMouseInput(GuiWorldSelection.java:49) [GuiWorldSelection.class:?]
	at net.minecraft.client.gui.GuiScreen.handleInput(GuiScreen.java:576) [GuiScreen.class:?]
	at net.minecraft.client.Minecraft.runTick(Minecraft.java:1792) [Minecraft.class:?]
	at net.minecraft.client.Minecraft.runGameLoop(Minecraft.java:1119) [Minecraft.class:?]
	at net.minecraft.client.Minecraft.run(Minecraft.java:407) [Minecraft.class:?]
	at net.minecraft.client.main.Main.main(Main.java:118) [Main.class:?]
	at sun.reflect.NativeMethodAccessorImpl.invoke0(Native Method) ~[?:1.8.0_101]
	at sun.reflect.NativeMethodAccessorImpl.invoke(NativeMethodAccessorImpl.java:62) ~[?:1.8.0_101]
	at sun.reflect.DelegatingMethodAccessorImpl.invoke(DelegatingMethodAccessorImpl.java:43) ~[?:1.8.0_101]
	at java.lang.reflect.Method.invoke(Method.java:498) ~[?:1.8.0_101]
	at net.minecraft.launchwrapper.Launch.launch(Launch.java:135) [launchwrapper-1.12.jar:?]
	at net.minecraft.launchwrapper.Launch.main(Launch.java:28) [launchwrapper-1.12.jar:?]
	at sun.reflect.NativeMethodAccessorImpl.invoke0(Native Method) ~[?:1.8.0_101]
	at sun.reflect.NativeMethodAccessorImpl.invoke(NativeMethodAccessorImpl.java:62) ~[?:1.8.0_101]
	at sun.reflect.DelegatingMethodAccessorImpl.invoke(DelegatingMethodAccessorImpl.java:43) ~[?:1.8.0_101]
	at java.lang.reflect.Method.invoke(Method.java:498) ~[?:1.8.0_101]
	at net.minecraftforge.gradle.GradleStartCommon.launch(GradleStartCommon.java:97) [start/:?]
	at GradleStart.main(GradleStart.java:26) [start/:?]
Caused by: java.net.UnknownHostException: sessionserver.mojang.com
	at java.net.AbstractPlainSocketImpl.connect(AbstractPlainSocketImpl.java:184) ~[?:1.8.0_101]
	at java.net.PlainSocketImpl.connect(PlainSocketImpl.java:172) ~[?:1.8.0_101]
	at java.net.SocksSocketImpl.connect(SocksSocketImpl.java:392) ~[?:1.8.0_101]
	at java.net.Socket.connect(Socket.java:589) ~[?:1.8.0_101]
	at sun.security.ssl.SSLSocketImpl.connect(SSLSocketImpl.java:668) ~[?:1.8.0_101]
	at sun.net.NetworkClient.doConnect(NetworkClient.java:175) ~[?:1.8.0_101]
	at sun.net.www.http.HttpClient.openServer(HttpClient.java:432) ~[?:1.8.0_101]
	at sun.net.www.http.HttpClient.openServer(HttpClient.java:527) ~[?:1.8.0_101]
	at sun.net.www.protocol.https.HttpsClient.<init>(HttpsClient.java:264) ~[?:1.8.0_101]
	at sun.net.www.protocol.https.HttpsClient.New(HttpsClient.java:367) ~[?:1.8.0_101]
	at sun.net.www.protocol.https.AbstractDelegateHttpsURLConnection.getNewHttpClient(AbstractDelegateHttpsURLConnection.java:191) ~[?:1.8.0_101]
	at sun.net.www.protocol.http.HttpURLConnection.plainConnect0(HttpURLConnection.java:1148) ~[?:1.8.0_101]
	at sun.net.www.protocol.http.HttpURLConnection$6.run(HttpURLConnection.java:989) ~[?:1.8.0_101]
	at sun.net.www.protocol.http.HttpURLConnection$6.run(HttpURLConnection.java:987) ~[?:1.8.0_101]
	at java.security.AccessController.doPrivileged(Native Method) ~[?:1.8.0_101]
	at java.security.AccessController.doPrivilegedWithCombiner(AccessController.java:782) ~[?:1.8.0_101]
	at sun.net.www.protocol.http.HttpURLConnection.plainConnect(HttpURLConnection.java:986) ~[?:1.8.0_101]
	at sun.net.www.protocol.https.AbstractDelegateHttpsURLConnection.connect(AbstractDelegateHttpsURLConnection.java:177) ~[?:1.8.0_101]
	at sun.net.www.protocol.http.HttpURLConnection.getInputStream0(HttpURLConnection.java:1513) ~[?:1.8.0_101]
	at sun.net.www.protocol.http.HttpURLConnection.access$200(HttpURLConnection.java:90) ~[?:1.8.0_101]
	at sun.net.www.protocol.http.HttpURLConnection$9.run(HttpURLConnection.java:1433) ~[?:1.8.0_101]
	at sun.net.www.protocol.http.HttpURLConnection$9.run(HttpURLConnection.java:1431) ~[?:1.8.0_101]
	at java.security.AccessController.doPrivileged(Native Method) ~[?:1.8.0_101]
	at java.security.AccessController.doPrivilegedWithCombiner(AccessController.java:782) ~[?:1.8.0_101]
	at sun.net.www.protocol.http.HttpURLConnection.getInputStream(HttpURLConnection.java:1430) ~[?:1.8.0_101]
	at sun.net.www.protocol.https.HttpsURLConnectionImpl.getInputStream(HttpsURLConnectionImpl.java:254) ~[?:1.8.0_101]
	at com.mojang.authlib.HttpAuthenticationService.performGetRequest(HttpAuthenticationService.java:130) ~[HttpAuthenticationService.class:?]
	at com.mojang.authlib.yggdrasil.YggdrasilAuthenticationService.makeRequest(YggdrasilAuthenticationService.java:66) ~[YggdrasilAuthenticationService.class:?]
	... 28 more
[23:11:33] [Server thread/INFO]: Player830[local:E:c5ee375b] logged in with entity id 241 at (369.4467579585868, 71.0, 280.03506251103676)
[23:11:33] [Server thread/INFO]: Player830 joined the game
[23:11:34] [Server thread/INFO]: Saving and pausing game...
[23:11:34] [Server thread/INFO]: Saving chunks for level 'Test World'/Overworld
[23:11:34] [pool-2-thread-1/WARN]: Couldn't look up profile properties for com.mojang.authlib.GameProfile@7c6e1ffd[id=dc4e436a-deac-3fcd-b3ce-7013be63ef4d,name=Player830,properties={},legacy=false]
com.mojang.authlib.exceptions.AuthenticationUnavailableException: Cannot contact authentication server
	at com.mojang.authlib.yggdrasil.YggdrasilAuthenticationService.makeRequest(YggdrasilAuthenticationService.java:85) ~[YggdrasilAuthenticationService.class:?]
	at com.mojang.authlib.yggdrasil.YggdrasilMinecraftSessionService.fillGameProfile(YggdrasilMinecraftSessionService.java:180) [YggdrasilMinecraftSessionService.class:?]
	at com.mojang.authlib.yggdrasil.YggdrasilMinecraftSessionService$1.load(YggdrasilMinecraftSessionService.java:60) [YggdrasilMinecraftSessionService$1.class:?]
	at com.mojang.authlib.yggdrasil.YggdrasilMinecraftSessionService$1.load(YggdrasilMinecraftSessionService.java:57) [YggdrasilMinecraftSessionService$1.class:?]
	at com.google.common.cache.LocalCache$LoadingValueReference.loadFuture(LocalCache.java:3524) [guava-17.0.jar:?]
	at com.google.common.cache.LocalCache$Segment.loadSync(LocalCache.java:2317) [guava-17.0.jar:?]
	at com.google.common.cache.LocalCache$Segment.lockedGetOrLoad(LocalCache.java:2280) [guava-17.0.jar:?]
	at com.google.common.cache.LocalCache$Segment.get(LocalCache.java:2195) [guava-17.0.jar:?]
	at com.google.common.cache.LocalCache.get(LocalCache.java:3934) [guava-17.0.jar:?]
	at com.google.common.cache.LocalCache.getOrLoad(LocalCache.java:3938) [guava-17.0.jar:?]
	at com.google.common.cache.LocalCache$LocalLoadingCache.get(LocalCache.java:4821) [guava-17.0.jar:?]
	at com.google.common.cache.LocalCache$LocalLoadingCache.getUnchecked(LocalCache.java:4827) [guava-17.0.jar:?]
	at com.mojang.authlib.yggdrasil.YggdrasilMinecraftSessionService.fillProfileProperties(YggdrasilMinecraftSessionService.java:170) [YggdrasilMinecraftSessionService.class:?]
	at net.minecraft.client.Minecraft.getProfileProperties(Minecraft.java:3056) [Minecraft.class:?]
	at net.minecraft.client.resources.SkinManager$3.run(SkinManager.java:138) [SkinManager$3.class:?]
	at java.util.concurrent.Executors$RunnableAdapter.call(Executors.java:511) [?:1.8.0_101]
	at java.util.concurrent.FutureTask.run(FutureTask.java:266) [?:1.8.0_101]
	at java.util.concurrent.ThreadPoolExecutor.runWorker(ThreadPoolExecutor.java:1142) [?:1.8.0_101]
	at java.util.concurrent.ThreadPoolExecutor$Worker.run(ThreadPoolExecutor.java:617) [?:1.8.0_101]
	at java.lang.Thread.run(Thread.java:745) [?:1.8.0_101]
Caused by: java.net.UnknownHostException: sessionserver.mojang.com
	at java.net.AbstractPlainSocketImpl.connect(AbstractPlainSocketImpl.java:184) ~[?:1.8.0_101]
	at java.net.PlainSocketImpl.connect(PlainSocketImpl.java:172) ~[?:1.8.0_101]
	at java.net.SocksSocketImpl.connect(SocksSocketImpl.java:392) ~[?:1.8.0_101]
	at java.net.Socket.connect(Socket.java:589) ~[?:1.8.0_101]
	at sun.security.ssl.SSLSocketImpl.connect(SSLSocketImpl.java:668) ~[?:1.8.0_101]
	at sun.net.NetworkClient.doConnect(NetworkClient.java:175) ~[?:1.8.0_101]
	at sun.net.www.http.HttpClient.openServer(HttpClient.java:432) ~[?:1.8.0_101]
	at sun.net.www.http.HttpClient.openServer(HttpClient.java:527) ~[?:1.8.0_101]
	at sun.net.www.protocol.https.HttpsClient.<init>(HttpsClient.java:264) ~[?:1.8.0_101]
	at sun.net.www.protocol.https.HttpsClient.New(HttpsClient.java:367) ~[?:1.8.0_101]
	at sun.net.www.protocol.https.AbstractDelegateHttpsURLConnection.getNewHttpClient(AbstractDelegateHttpsURLConnection.java:191) ~[?:1.8.0_101]
	at sun.net.www.protocol.http.HttpURLConnection.plainConnect0(HttpURLConnection.java:1148) ~[?:1.8.0_101]
	at sun.net.www.protocol.http.HttpURLConnection$6.run(HttpURLConnection.java:989) ~[?:1.8.0_101]
	at sun.net.www.protocol.http.HttpURLConnection$6.run(HttpURLConnection.java:987) ~[?:1.8.0_101]
	at java.security.AccessController.doPrivileged(Native Method) ~[?:1.8.0_101]
	at java.security.AccessController.doPrivilegedWithCombiner(AccessController.java:782) ~[?:1.8.0_101]
	at sun.net.www.protocol.http.HttpURLConnection.plainConnect(HttpURLConnection.java:986) ~[?:1.8.0_101]
	at sun.net.www.protocol.https.AbstractDelegateHttpsURLConnection.connect(AbstractDelegateHttpsURLConnection.java:177) ~[?:1.8.0_101]
	at sun.net.www.protocol.http.HttpURLConnection.getInputStream0(HttpURLConnection.java:1513) ~[?:1.8.0_101]
	at sun.net.www.protocol.http.HttpURLConnection.access$200(HttpURLConnection.java:90) ~[?:1.8.0_101]
	at sun.net.www.protocol.http.HttpURLConnection$9.run(HttpURLConnection.java:1433) ~[?:1.8.0_101]
	at sun.net.www.protocol.http.HttpURLConnection$9.run(HttpURLConnection.java:1431) ~[?:1.8.0_101]
	at java.security.AccessController.doPrivileged(Native Method) ~[?:1.8.0_101]
	at java.security.AccessController.doPrivilegedWithCombiner(AccessController.java:782) ~[?:1.8.0_101]
	at sun.net.www.protocol.http.HttpURLConnection.getInputStream(HttpURLConnection.java:1430) ~[?:1.8.0_101]
	at sun.net.www.protocol.https.HttpsURLConnectionImpl.getInputStream(HttpsURLConnectionImpl.java:254) ~[?:1.8.0_101]
	at com.mojang.authlib.HttpAuthenticationService.performGetRequest(HttpAuthenticationService.java:130) ~[HttpAuthenticationService.class:?]
	at com.mojang.authlib.yggdrasil.YggdrasilAuthenticationService.makeRequest(YggdrasilAuthenticationService.java:66) ~[YggdrasilAuthenticationService.class:?]
	... 19 more
[23:11:34] [Server thread/INFO]: Saving chunks for level 'Test World'/Nether
[23:11:34] [Server thread/INFO]: Saving chunks for level 'Test World'/The End
[23:11:35] [Server thread/INFO]: Player830 has just earned the achievement [Taking Inventory]
[23:11:35] [Client thread/INFO]: [CHAT] Player830 has just earned the achievement [Taking Inventory]
[23:11:45] [Server thread/INFO]: Saving and pausing game...
[23:11:45] [Server thread/INFO]: Saving chunks for level 'Test World'/Overworld
[23:11:45] [Server thread/INFO]: Saving chunks for level 'Test World'/Nether
[23:11:45] [Server thread/INFO]: Saving chunks for level 'Test World'/The End
[23:11:46] [Server thread/INFO]: Stopping server
[23:11:46] [Server thread/INFO]: Saving players
[23:11:46] [Server thread/INFO]: Player830 lost connection: TextComponent{text='Disconnected', siblings=[], style=Style{hasParent=false, color=null, bold=null, italic=null, underlined=null, obfuscated=null, clickEvent=null, hoverEvent=null, insertion=null}}
[23:11:46] [Server thread/INFO]: Player830 left the game
[23:11:46] [Server thread/INFO]: Stopping singleplayer server as player logged out
[23:11:46] [Server thread/INFO]: Saving worlds
[23:11:46] [Server thread/INFO]: Saving chunks for level 'Test World'/Overworld
[23:11:46] [Server thread/INFO]: Saving chunks for level 'Test World'/Nether
[23:11:46] [Server thread/INFO]: Saving chunks for level 'Test World'/The End
[23:11:47] [Client thread/INFO]: Stopping!
[23:11:47] [Client thread/INFO]: SoundSystem shutting down...
[23:11:47] [Client thread/WARN]: Author: Paul Lamb, www.paulscode.com
